  Activating project at `~/BottomBoundaryLayer`
┌ Warning: You are using a non-official build of Julia. This may cause issues with CUDA.jl.
│ Please consider using an official build from https://julialang.org/downloads/.
└ @ CUDA ~/.julia/packages/CUDA/Tl08O/src/initialization.jl:180
┌ Warning: CUDA runtime library `libcublasLt.so.12` was loaded from a system path, `/glade/u/apps/common/23.08/spack/opt/spack/cuda/12.2.1/lib64/libcublasLt.so.12`.
│ 
│ This may cause errors. Ensure that you have not set the LD_LIBRARY_PATH
│ environment variable, or that it does not contain paths to CUDA libraries.
│ 
│ In any other case, please file an issue.
└ @ CUDA ~/.julia/packages/CUDA/Tl08O/src/initialization.jl:219
┌ Warning: CUDA runtime library `libnvJitLink.so.12` was loaded from a system path, `/glade/u/apps/common/23.08/spack/opt/spack/cuda/12.2.1/lib64/libnvJitLink.so.12`.
│ 
│ This may cause errors. Ensure that you have not set the LD_LIBRARY_PATH
│ environment variable, or that it does not contain paths to CUDA libraries.
│ 
│ In any other case, please file an issue.
└ @ CUDA ~/.julia/packages/CUDA/Tl08O/src/initialization.jl:219
┌ Warning: CUDA runtime library `libcusparse.so.12` was loaded from a system path, `/glade/u/apps/common/23.08/spack/opt/spack/cuda/12.2.1/lib64/libcusparse.so.12`.
│ 
│ This may cause errors. Ensure that you have not set the LD_LIBRARY_PATH
│ environment variable, or that it does not contain paths to CUDA libraries.
│ 
│ In any other case, please file an issue.
└ @ CUDA ~/.julia/packages/CUDA/Tl08O/src/initialization.jl:219
[ Info: command line args:
[ Info:    delta => 0.5
[ Info:    theta => 1.8113000000000001
[ Info:    freqf => 0.0001
[ Info:    strat => 1e-05
[ Info:    gamma => 0.8679318911470805
[ Info:    paramset => f1e4theta029N21e5delta05Vinf005gammau
[ Info:    suffix => f1e4theta181130N21e5delta05Vinf01gammal
[ Info:    fruntime => 30.0
[ Info:    path => /glade/derecho/scratch/knudsenl/data/new_data/
[ Info: Loading parameters...
[ Info: Arch => GPU()
[ Info: Initializing simulation...
[ Info:     ... simulation initialization complete (2.112 minutes)
[ Info: Executing initial time step...
[ Info:     ... initial time step complete (4.925 seconds).
[ Info: Simulation is stopping after running for 28.160 minutes.
[ Info: Simulation time 30.868 days equals or exceeds stop time 30.868 days.
