
[21905] signal (15): Terminated
in expression starting at /glade/u/home/knudsenl/BottomBoundaryLayer/full_code_diagnostics_stblty_comp.jl:283
pthread_cond_wait at /lib64/libpthread.so.0 (unknown line)
uv_cond_wait at /glade/derecho/scratch/csgteam/temp/spack/casper/23.10/builds/spack-stage-libuv-julia-1.44.3-ru2mrexwxpzi6lwrpoceowcptfr6x2js/spack-src/src/unix/thread.c:883
ijl_task_get_next at /glade/derecho/scratch/csgteam/temp/spack/casper/23.10/builds/spack-stage-julia-1.10.2-apod2ebbzv2cxtnlmfltk45mbfdgyeq3/spack-src/src/partr.c:509
poptask at ./task.jl:985
wait at ./task.jl:994
#wait#645 at ./condition.jl:130
wait at ./condition.jl:125 [inlined]
take! at /glade/u/home/knudsenl/.julia/packages/CUDA/Tl08O/lib/cudadrv/synchronization.jl:53
synchronization_worker at /glade/u/home/knudsenl/.julia/packages/CUDA/Tl08O/lib/cudadrv/synchronization.jl:121
unknown function (ip: 0x151a1767a8fd)
start_thread at /lib64/libpthread.so.0 (unknown line)
unknown function (ip: 0x1518f8a5c07f)
unknown function (ip: (nil))
pthread_cond_wait at /lib64/libpthread.so.0 (unknown line)
uv_cond_wait at /glade/derecho/scratch/csgteam/temp/spack/casper/23.10/builds/spack-stage-libuv-julia-1.44.3-ru2mrexwxpzi6lwrpoceowcptfr6x2js/spack-src/src/unix/thread.c:883
ijl_task_get_next at /glade/derecho/scratch/csgteam/temp/spack/casper/23.10/builds/spack-stage-julia-1.10.2-apod2ebbzv2cxtnlmfltk45mbfdgyeq3/spack-src/src/partr.c:509
poptask at ./task.jl:985
wait at ./task.jl:994
#wait#645 at ./condition.jl:130
wait at ./condition.jl:125 [inlined]
take! at /glade/u/home/knudsenl/.julia/packages/CUDA/Tl08O/lib/cudadrv/synchronization.jl:53
synchronization_worker at /glade/u/home/knudsenl/.julia/packages/CUDA/Tl08O/lib/cudadrv/synchronization.jl:121
unknown function (ip: 0x151a1767a8fd)
start_thread at /lib64/libpthread.so.0 (unknown line)
unknown function (ip: 0x1518f8a7007f)
unknown function (ip: (nil))
pthread_cond_wait at /lib64/libpthread.so.0 (unknown line)
uv_cond_wait at /glade/derecho/scratch/csgteam/temp/spack/casper/23.10/builds/spack-stage-libuv-julia-1.44.3-ru2mrexwxpzi6lwrpoceowcptfr6x2js/spack-src/src/unix/thread.c:883
ijl_task_get_next at /glade/derecho/scratch/csgteam/temp/spack/casper/23.10/builds/spack-stage-julia-1.10.2-apod2ebbzv2cxtnlmfltk45mbfdgyeq3/spack-src/src/partr.c:509
poptask at ./task.jl:985
wait at ./task.jl:994
#wait#645 at ./condition.jl:130
wait at ./condition.jl:125 [inlined]
take! at /glade/u/home/knudsenl/.julia/packages/CUDA/Tl08O/lib/cudadrv/synchronization.jl:53
synchronization_worker at /glade/u/home/knudsenl/.julia/packages/CUDA/Tl08O/lib/cudadrv/synchronization.jl:121
unknown function (ip: 0x151a1767a8fd)
start_thread at /lib64/libpthread.so.0 (unknown line)
unknown function (ip: 0x1518f8a8807f)
unknown function (ip: (nil))
pthread_cond_wait at /lib64/libpthread.so.0 (unknown line)
uv_cond_wait at /glade/derecho/scratch/csgteam/temp/spack/casper/23.10/builds/spack-stage-libuv-julia-1.44.3-ru2mrexwxpzi6lwrpoceowcptfr6x2js/spack-src/src/unix/thread.c:883
ijl_task_get_next at /glade/derecho/scratch/csgteam/temp/spack/casper/23.10/builds/spack-stage-julia-1.10.2-apod2ebbzv2cxtnlmfltk45mbfdgyeq3/spack-src/src/partr.c:509
poptask at ./task.jl:985
wait at ./task.jl:994
#wait#645 at ./condition.jl:130
wait at ./condition.jl:125 [inlined]
take! at /glade/u/home/knudsenl/.julia/packages/CUDA/Tl08O/lib/cudadrv/synchronization.jl:53
synchronization_worker at /glade/u/home/knudsenl/.julia/packages/CUDA/Tl08O/lib/cudadrv/synchronization.jl:121
unknown function (ip: 0x151a1767a8fd)
start_thread at /lib64/libpthread.so.0 (unknown line)
unknown function (ip: 0x1518f8a9c07f)
unknown function (ip: (nil))
__memmove_sse2_unaligned_erms at /lib64/libc.so.6 (unknown line)
unknown function (ip: 0x151a054ad094)
unknown function (ip: 0x151a056f26ff)
unknown function (ip: 0x151a05da9eb3)
unknown function (ip: 0x151a053ec454)
unknown function (ip: 0x151a053ecc1b)
unknown function (ip: 0x151a053ee692)
unknown function (ip: 0x151a05593f36)
macro expansion at /glade/u/home/knudsenl/.julia/packages/CUDA/Tl08O/lib/utils/call.jl:218 [inlined]
macro expansion at /glade/u/home/knudsenl/.julia/packages/CUDA/Tl08O/lib/cudadrv/libcuda.jl:4429 [inlined]
#535 at /glade/u/home/knudsenl/.julia/packages/CUDA/Tl08O/lib/utils/call.jl:35 [inlined]
check at /glade/u/home/knudsenl/.julia/packages/CUDA/Tl08O/lib/cudadrv/libcuda.jl:35 [inlined]
cuLaunchKernel at /glade/u/home/knudsenl/.julia/packages/CUDA/Tl08O/lib/utils/call.jl:34 [inlined]
#966 at /glade/u/home/knudsenl/.julia/packages/CUDA/Tl08O/lib/cudadrv/execution.jl:66
macro expansion at /glade/u/home/knudsenl/.julia/packages/CUDA/Tl08O/lib/cudadrv/execution.jl:33 [inlined]
macro expansion at ./none:0 [inlined]
pack_arguments at ./none:0
#launch#965 at /glade/u/home/knudsenl/.julia/packages/CUDA/Tl08O/lib/cudadrv/execution.jl:59
launch at /glade/u/home/knudsenl/.julia/packages/CUDA/Tl08O/lib/cudadrv/execution.jl:52 [inlined]
#972 at /glade/u/home/knudsenl/.julia/packages/CUDA/Tl08O/lib/cudadrv/execution.jl:189 [inlined]
macro expansion at /glade/u/home/knudsenl/.julia/packages/CUDA/Tl08O/lib/cudadrv/execution.jl:149 [inlined]
macro expansion at ./none:0 [inlined]
convert_arguments at ./none:0 [inlined]
#cudacall#971 at /glade/u/home/knudsenl/.julia/packages/CUDA/Tl08O/lib/cudadrv/execution.jl:191 [inlined]
cudacall at /glade/u/home/knudsenl/.julia/packages/CUDA/Tl08O/lib/cudadrv/execution.jl:187 [inlined]
macro expansion at /glade/u/home/knudsenl/.julia/packages/CUDA/Tl08O/src/compiler/execution.jl:268 [inlined]
macro expansion at ./none:0 [inlined]
#call#1157 at ./none:0 [inlined]
call at ./none:0 [inlined]
#_#1172 at /glade/u/home/knudsenl/.julia/packages/CUDA/Tl08O/src/compiler/execution.jl:390
HostKernel at /glade/u/home/knudsenl/.julia/packages/CUDA/Tl08O/src/compiler/execution.jl:389
unknown function (ip: 0x151942155569)
_jl_invoke at /glade/derecho/scratch/csgteam/temp/spack/casper/23.10/builds/spack-stage-julia-1.10.2-apod2ebbzv2cxtnlmfltk45mbfdgyeq3/spack-src/src/gf.c:2894 [inlined]
ijl_apply_generic at /glade/derecho/scratch/csgteam/temp/spack/casper/23.10/builds/spack-stage-julia-1.10.2-apod2ebbzv2cxtnlmfltk45mbfdgyeq3/spack-src/src/gf.c:3076
jl_apply at /glade/derecho/scratch/csgteam/temp/spack/casper/23.10/builds/spack-stage-julia-1.10.2-apod2ebbzv2cxtnlmfltk45mbfdgyeq3/spack-src/src/julia.h:1982 [inlined]
do_apply at /glade/derecho/scratch/csgteam/temp/spack/casper/23.10/builds/spack-stage-julia-1.10.2-apod2ebbzv2cxtnlmfltk45mbfdgyeq3/spack-src/src/builtins.c:768
#_#4 at /glade/u/home/knudsenl/.julia/packages/CUDA/Tl08O/src/CUDAKernels.jl:131
_jl_invoke at /glade/derecho/scratch/csgteam/temp/spack/casper/23.10/builds/spack-stage-julia-1.10.2-apod2ebbzv2cxtnlmfltk45mbfdgyeq3/spack-src/src/gf.c:2894 [inlined]
ijl_apply_generic at /glade/derecho/scratch/csgteam/temp/spack/casper/23.10/builds/spack-stage-julia-1.10.2-apod2ebbzv2cxtnlmfltk45mbfdgyeq3/spack-src/src/gf.c:3076
jl_apply at /glade/derecho/scratch/csgteam/temp/spack/casper/23.10/builds/spack-stage-julia-1.10.2-apod2ebbzv2cxtnlmfltk45mbfdgyeq3/spack-src/src/julia.h:1982 [inlined]
do_apply at /glade/derecho/scratch/csgteam/temp/spack/casper/23.10/builds/spack-stage-julia-1.10.2-apod2ebbzv2cxtnlmfltk45mbfdgyeq3/spack-src/src/builtins.c:768
Kernel at /glade/u/home/knudsenl/.julia/packages/CUDA/Tl08O/src/CUDAKernels.jl:89
_jl_invoke at /glade/derecho/scratch/csgteam/temp/spack/casper/23.10/builds/spack-stage-julia-1.10.2-apod2ebbzv2cxtnlmfltk45mbfdgyeq3/spack-src/src/gf.c:2894 [inlined]
ijl_apply_generic at /glade/derecho/scratch/csgteam/temp/spack/casper/23.10/builds/spack-stage-julia-1.10.2-apod2ebbzv2cxtnlmfltk45mbfdgyeq3/spack-src/src/gf.c:3076
#launch!#10 at /glade/u/home/knudsenl/.julia/packages/Oceananigans/thcPW/src/Utils/kernel_launching.jl:131
launch! at /glade/u/home/knudsenl/.julia/packages/Oceananigans/thcPW/src/Utils/kernel_launching.jl:116 [inlined]
#compute_interior_tendency_contributions!#17 at /glade/u/home/knudsenl/.julia/packages/Oceananigans/thcPW/src/Models/NonhydrostaticModels/compute_nonhydrostatic_tendencies.jl:131 [inlined]
compute_interior_tendency_contributions! at /glade/u/home/knudsenl/.julia/packages/Oceananigans/thcPW/src/Models/NonhydrostaticModels/compute_nonhydrostatic_tendencies.jl:53 [inlined]
compute_tendencies! at /glade/u/home/knudsenl/.julia/packages/Oceananigans/thcPW/src/Models/NonhydrostaticModels/compute_nonhydrostatic_tendencies.jl:31
#apply_regionally!#56 at /glade/u/home/knudsenl/.julia/packages/Oceananigans/thcPW/src/Utils/multi_region_transformation.jl:121 [inlined]
apply_regionally! at /glade/u/home/knudsenl/.julia/packages/Oceananigans/thcPW/src/Utils/multi_region_transformation.jl:118 [inlined]
macro expansion at /glade/u/home/knudsenl/.julia/packages/Oceananigans/thcPW/src/Utils/multi_region_transformation.jl:206 [inlined]
#update_state!#13 at /glade/u/home/knudsenl/.julia/packages/Oceananigans/thcPW/src/Models/NonhydrostaticModels/update_nonhydrostatic_model_state.jl:47
update_state! at /glade/u/home/knudsenl/.julia/packages/Oceananigans/thcPW/src/Models/NonhydrostaticModels/update_nonhydrostatic_model_state.jl:19 [inlined]
#time_step!#10 at /glade/u/home/knudsenl/.julia/packages/Oceananigans/thcPW/src/TimeSteppers/runge_kutta_3.jl:113
time_step! at /glade/u/home/knudsenl/.julia/packages/Oceananigans/thcPW/src/TimeSteppers/runge_kutta_3.jl:81
unknown function (ip: 0x1519405e5d7e)
_jl_invoke at /glade/derecho/scratch/csgteam/temp/spack/casper/23.10/builds/spack-stage-julia-1.10.2-apod2ebbzv2cxtnlmfltk45mbfdgyeq3/spack-src/src/gf.c:2894 [inlined]
ijl_apply_generic at /glade/derecho/scratch/csgteam/temp/spack/casper/23.10/builds/spack-stage-julia-1.10.2-apod2ebbzv2cxtnlmfltk45mbfdgyeq3/spack-src/src/gf.c:3076
time_step! at /glade/u/home/knudsenl/.julia/packages/Oceananigans/thcPW/src/Simulations/run.jl:134
#run!#7 at /glade/u/home/knudsenl/.julia/packages/Oceananigans/thcPW/src/Simulations/run.jl:97
run! at /glade/u/home/knudsenl/.julia/packages/Oceananigans/thcPW/src/Simulations/run.jl:85
unknown function (ip: 0x151940d16b35)
_jl_invoke at /glade/derecho/scratch/csgteam/temp/spack/casper/23.10/builds/spack-stage-julia-1.10.2-apod2ebbzv2cxtnlmfltk45mbfdgyeq3/spack-src/src/gf.c:2894 [inlined]
ijl_apply_generic at /glade/derecho/scratch/csgteam/temp/spack/casper/23.10/builds/spack-stage-julia-1.10.2-apod2ebbzv2cxtnlmfltk45mbfdgyeq3/spack-src/src/gf.c:3076
jl_apply at /glade/derecho/scratch/csgteam/temp/spack/casper/23.10/builds/spack-stage-julia-1.10.2-apod2ebbzv2cxtnlmfltk45mbfdgyeq3/spack-src/src/julia.h:1982 [inlined]
do_call at /glade/derecho/scratch/csgteam/temp/spack/casper/23.10/builds/spack-stage-julia-1.10.2-apod2ebbzv2cxtnlmfltk45mbfdgyeq3/spack-src/src/interpreter.c:126
eval_value at /glade/derecho/scratch/csgteam/temp/spack/casper/23.10/builds/spack-stage-julia-1.10.2-apod2ebbzv2cxtnlmfltk45mbfdgyeq3/spack-src/src/interpreter.c:223
eval_stmt_value at /glade/derecho/scratch/csgteam/temp/spack/casper/23.10/builds/spack-stage-julia-1.10.2-apod2ebbzv2cxtnlmfltk45mbfdgyeq3/spack-src/src/interpreter.c:174 [inlined]
eval_body at /glade/derecho/scratch/csgteam/temp/spack/casper/23.10/builds/spack-stage-julia-1.10.2-apod2ebbzv2cxtnlmfltk45mbfdgyeq3/spack-src/src/interpreter.c:617
jl_interpret_toplevel_thunk at /glade/derecho/scratch/csgteam/temp/spack/casper/23.10/builds/spack-stage-julia-1.10.2-apod2ebbzv2cxtnlmfltk45mbfdgyeq3/spack-src/src/interpreter.c:775
jl_toplevel_eval_flex at /glade/derecho/scratch/csgteam/temp/spack/casper/23.10/builds/spack-stage-julia-1.10.2-apod2ebbzv2cxtnlmfltk45mbfdgyeq3/spack-src/src/toplevel.c:934
jl_toplevel_eval_flex at /glade/derecho/scratch/csgteam/temp/spack/casper/23.10/builds/spack-stage-julia-1.10.2-apod2ebbzv2cxtnlmfltk45mbfdgyeq3/spack-src/src/toplevel.c:877
ijl_toplevel_eval_in at /glade/derecho/scratch/csgteam/temp/spack/casper/23.10/builds/spack-stage-julia-1.10.2-apod2ebbzv2cxtnlmfltk45mbfdgyeq3/spack-src/src/toplevel.c:985
eval at ./boot.jl:385 [inlined]
include_string at ./loading.jl:2076
_jl_invoke at /glade/derecho/scratch/csgteam/temp/spack/casper/23.10/builds/spack-stage-julia-1.10.2-apod2ebbzv2cxtnlmfltk45mbfdgyeq3/spack-src/src/gf.c:2894 [inlined]
ijl_apply_generic at /glade/derecho/scratch/csgteam/temp/spack/casper/23.10/builds/spack-stage-julia-1.10.2-apod2ebbzv2cxtnlmfltk45mbfdgyeq3/spack-src/src/gf.c:3076
_include at ./loading.jl:2136
include at ./Base.jl:495
jfptr_include_46347 at /glade/u/apps/casper/23.10/spack/opt/spack/julia/1.10.2/gcc/7.5.0/apod/lib/julia/sys.so (unknown line)
_jl_invoke at /glade/derecho/scratch/csgteam/temp/spack/casper/23.10/builds/spack-stage-julia-1.10.2-apod2ebbzv2cxtnlmfltk45mbfdgyeq3/spack-src/src/gf.c:2894 [inlined]
ijl_apply_generic at /glade/derecho/scratch/csgteam/temp/spack/casper/23.10/builds/spack-stage-julia-1.10.2-apod2ebbzv2cxtnlmfltk45mbfdgyeq3/spack-src/src/gf.c:3076
exec_options at ./client.jl:318
_start at ./client.jl:552
jfptr__start_82656 at /glade/u/apps/casper/23.10/spack/opt/spack/julia/1.10.2/gcc/7.5.0/apod/lib/julia/sys.so (unknown line)
_jl_invoke at /glade/derecho/scratch/csgteam/temp/spack/casper/23.10/builds/spack-stage-julia-1.10.2-apod2ebbzv2cxtnlmfltk45mbfdgyeq3/spack-src/src/gf.c:2894 [inlined]
ijl_apply_generic at /glade/derecho/scratch/csgteam/temp/spack/casper/23.10/builds/spack-stage-julia-1.10.2-apod2ebbzv2cxtnlmfltk45mbfdgyeq3/spack-src/src/gf.c:3076
jl_apply at /glade/derecho/scratch/csgteam/temp/spack/casper/23.10/builds/spack-stage-julia-1.10.2-apod2ebbzv2cxtnlmfltk45mbfdgyeq3/spack-src/src/julia.h:1982 [inlined]
true_main at /glade/derecho/scratch/csgteam/temp/spack/casper/23.10/builds/spack-stage-julia-1.10.2-apod2ebbzv2cxtnlmfltk45mbfdgyeq3/spack-src/src/jlapi.c:582
jl_repl_entrypoint at /glade/derecho/scratch/csgteam/temp/spack/casper/23.10/builds/spack-stage-julia-1.10.2-apod2ebbzv2cxtnlmfltk45mbfdgyeq3/spack-src/src/jlapi.c:731
main at julia (unknown line)
__libc_start_main at /lib64/libc.so.6 (unknown line)
_start at julia (unknown line)
unknown function (ip: (nil))
Allocations: 1904181812 (Pool: 1875373576; Big: 28808236); GC: 4446
  Activating project at `~/BottomBoundaryLayer`
┌ Warning: You are using a non-official build of Julia. This may cause issues with CUDA.jl.
│ Please consider using an official build from https://julialang.org/downloads/.
└ @ CUDA ~/.julia/packages/CUDA/Tl08O/src/initialization.jl:180
┌ Warning: CUDA runtime library `libcublasLt.so.12` was loaded from a system path, `/glade/u/apps/common/23.08/spack/opt/spack/cuda/12.2.1/lib64/libcublasLt.so.12`.
│ 
│ This may cause errors. Ensure that you have not set the LD_LIBRARY_PATH
│ environment variable, or that it does not contain paths to CUDA libraries.
│ 
│ In any other case, please file an issue.
└ @ CUDA ~/.julia/packages/CUDA/Tl08O/src/initialization.jl:219
┌ Warning: CUDA runtime library `libnvJitLink.so.12` was loaded from a system path, `/glade/u/apps/common/23.08/spack/opt/spack/cuda/12.2.1/lib64/libnvJitLink.so.12`.
│ 
│ This may cause errors. Ensure that you have not set the LD_LIBRARY_PATH
│ environment variable, or that it does not contain paths to CUDA libraries.
│ 
│ In any other case, please file an issue.
└ @ CUDA ~/.julia/packages/CUDA/Tl08O/src/initialization.jl:219
┌ Warning: CUDA runtime library `libcusparse.so.12` was loaded from a system path, `/glade/u/apps/common/23.08/spack/opt/spack/cuda/12.2.1/lib64/libcusparse.so.12`.
│ 
│ This may cause errors. Ensure that you have not set the LD_LIBRARY_PATH
│ environment variable, or that it does not contain paths to CUDA libraries.
│ 
│ In any other case, please file an issue.
└ @ CUDA ~/.julia/packages/CUDA/Tl08O/src/initialization.jl:219
[ Info: command line args:
[ Info:    delta => 0.5
[ Info:    theta => 0.1812
[ Info:    freqf => 0.0001
[ Info:    strat => 1e-05
[ Info:    gamma => 0.8679318911470805
[ Info:    paramset => f1e4theta029N21e5delta05Vinf005gammau
[ Info:    suffix => f1e4theta01812N21e5delta05Vinf01gammau
[ Info:    fruntime => 30.0
[ Info:    path => /glade/derecho/scratch/knudsenl/data/new_data/
[ Info: Loading parameters...
[ Info: Arch => GPU()
[ Info: Initializing simulation...
[ Info:     ... simulation initialization complete (2.330 minutes)
[ Info: Executing initial time step...
[ Info:     ... initial time step complete (5.319 seconds).
  Activating project at `~/BottomBoundaryLayer`
┌ Warning: You are using a non-official build of Julia. This may cause issues with CUDA.jl.
│ Please consider using an official build from https://julialang.org/downloads/.
└ @ CUDA ~/.julia/packages/CUDA/Tl08O/src/initialization.jl:180
┌ Warning: CUDA runtime library `libcublasLt.so.12` was loaded from a system path, `/glade/u/apps/common/23.08/spack/opt/spack/cuda/12.2.1/lib64/libcublasLt.so.12`.
│ 
│ This may cause errors. Ensure that you have not set the LD_LIBRARY_PATH
│ environment variable, or that it does not contain paths to CUDA libraries.
│ 
│ In any other case, please file an issue.
└ @ CUDA ~/.julia/packages/CUDA/Tl08O/src/initialization.jl:219
┌ Warning: CUDA runtime library `libnvJitLink.so.12` was loaded from a system path, `/glade/u/apps/common/23.08/spack/opt/spack/cuda/12.2.1/lib64/libnvJitLink.so.12`.
│ 
│ This may cause errors. Ensure that you have not set the LD_LIBRARY_PATH
│ environment variable, or that it does not contain paths to CUDA libraries.
│ 
│ In any other case, please file an issue.
└ @ CUDA ~/.julia/packages/CUDA/Tl08O/src/initialization.jl:219
┌ Warning: CUDA runtime library `libcusparse.so.12` was loaded from a system path, `/glade/u/apps/common/23.08/spack/opt/spack/cuda/12.2.1/lib64/libcusparse.so.12`.
│ 
│ This may cause errors. Ensure that you have not set the LD_LIBRARY_PATH
│ environment variable, or that it does not contain paths to CUDA libraries.
│ 
│ In any other case, please file an issue.
└ @ CUDA ~/.julia/packages/CUDA/Tl08O/src/initialization.jl:219
[ Info: command line args:
[ Info:    delta => 0.5
[ Info:    theta => 0.1812
[ Info:    freqf => 0.0001
[ Info:    strat => 1e-05
[ Info:    gamma => 0.8679318911470805
[ Info:    paramset => f1e4theta029N21e5delta05Vinf005gammau
[ Info:    suffix => f1e4theta01812N21e5delta05Vinf01gammau
[ Info:    fruntime => 30.0
[ Info:    path => /glade/derecho/scratch/knudsenl/data/new_data/
[ Info: Loading parameters...
[ Info: Arch => GPU()
┌ Warning: Overwriting existing /glade/derecho/scratch/knudsenl/data/new_data/stbly/flow_fields_height_319.36176958408225_interior_velocity_0.1_visc_1.0e-5_Sinf_0.10000852195890678_gamma_0.9901022903421948_theta_0.1812_f_0.0001_N2_1.0e-5.nc.
└ @ Oceananigans.OutputWriters ~/.julia/packages/Oceananigans/thcPW/src/OutputWriters/netcdf_output_writer.jl:433
┌ Warning: Overwriting existing /glade/derecho/scratch/knudsenl/data/new_data/stbly/TKE_terms_height_319.36176958408225_interior_velocity_0.1_visc_1.0e-5_Sinf_0.10000852195890678_gamma_0.9901022903421948_theta_0.1812_f_0.0001_N2_1.0e-5.nc.
└ @ Oceananigans.OutputWriters ~/.julia/packages/Oceananigans/thcPW/src/OutputWriters/netcdf_output_writer.jl:433
[ Info: Initializing simulation...
[ Info:     ... simulation initialization complete (2.281 minutes)
[ Info: Executing initial time step...
[ Info:     ... initial time step complete (5.260 seconds).
[ Info: Simulation is stopping after running for 34.457 minutes.
[ Info: Simulation time 21.708 days equals or exceeds stop time 21.708 days.
