  Activating project at `~/BottomBoundaryLayer`
┌ Warning: You are using a non-official build of Julia. This may cause issues with CUDA.jl.
│ Please consider using an official build from https://julialang.org/downloads/.
└ @ CUDA ~/.julia/packages/CUDA/Tl08O/src/initialization.jl:180
┌ Warning: CUDA runtime library `libcublasLt.so.12` was loaded from a system path, `/glade/u/apps/common/23.08/spack/opt/spack/cuda/12.2.1/lib64/libcublasLt.so.12`.
│ 
│ This may cause errors. Ensure that you have not set the LD_LIBRARY_PATH
│ environment variable, or that it does not contain paths to CUDA libraries.
│ 
│ In any other case, please file an issue.
└ @ CUDA ~/.julia/packages/CUDA/Tl08O/src/initialization.jl:219
┌ Warning: CUDA runtime library `libnvJitLink.so.12` was loaded from a system path, `/glade/u/apps/common/23.08/spack/opt/spack/cuda/12.2.1/lib64/libnvJitLink.so.12`.
│ 
│ This may cause errors. Ensure that you have not set the LD_LIBRARY_PATH
│ environment variable, or that it does not contain paths to CUDA libraries.
│ 
│ In any other case, please file an issue.
└ @ CUDA ~/.julia/packages/CUDA/Tl08O/src/initialization.jl:219
┌ Warning: CUDA runtime library `libcusparse.so.12` was loaded from a system path, `/glade/u/apps/common/23.08/spack/opt/spack/cuda/12.2.1/lib64/libcusparse.so.12`.
│ 
│ This may cause errors. Ensure that you have not set the LD_LIBRARY_PATH
│ environment variable, or that it does not contain paths to CUDA libraries.
│ 
│ In any other case, please file an issue.
└ @ CUDA ~/.julia/packages/CUDA/Tl08O/src/initialization.jl:219
[ Info: command line args:
[ Info:    delta => 2.5
[ Info:    theta => 2.0
[ Info:    freqf => 0.0001
[ Info:    strat => 1e-05
[ Info:    gamma => 0.8679318911470805
[ Info:    paramset => f1e4theta029N21e5delta05Vinf005gammau
[ Info:    suffix => f1e4theta20N21e5delta025Vinf02gammau
[ Info:    fruntime => 30.0
[ Info:    path => /glade/derecho/scratch/knudsenl/data/new_data/
[ Info: Loading parameters...
[ Info: Arch => GPU()
[ Info: Initializing simulation...
[ Info:     ... simulation initialization complete (2.107 minutes)
[ Info: Executing initial time step...
[ Info:     ... initial time step complete (5.220 seconds).
[ Info: Simulation is stopping after running for 48.816 minutes.
[ Info: Simulation time 29.306 days equals or exceeds stop time 29.306 days.
  Activating project at `~/BottomBoundaryLayer`
┌ Warning: You are using a non-official build of Julia. This may cause issues with CUDA.jl.
│ Please consider using an official build from https://julialang.org/downloads/.
└ @ CUDA ~/.julia/packages/CUDA/Tl08O/src/initialization.jl:180
┌ Warning: CUDA runtime library `libcublasLt.so.12` was loaded from a system path, `/glade/u/apps/common/23.08/spack/opt/spack/cuda/12.2.1/lib64/libcublasLt.so.12`.
│ 
│ This may cause errors. Ensure that you have not set the LD_LIBRARY_PATH
│ environment variable, or that it does not contain paths to CUDA libraries.
│ 
│ In any other case, please file an issue.
└ @ CUDA ~/.julia/packages/CUDA/Tl08O/src/initialization.jl:219
┌ Warning: CUDA runtime library `libnvJitLink.so.12` was loaded from a system path, `/glade/u/apps/common/23.08/spack/opt/spack/cuda/12.2.1/lib64/libnvJitLink.so.12`.
│ 
│ This may cause errors. Ensure that you have not set the LD_LIBRARY_PATH
│ environment variable, or that it does not contain paths to CUDA libraries.
│ 
│ In any other case, please file an issue.
└ @ CUDA ~/.julia/packages/CUDA/Tl08O/src/initialization.jl:219
┌ Warning: CUDA runtime library `libcusparse.so.12` was loaded from a system path, `/glade/u/apps/common/23.08/spack/opt/spack/cuda/12.2.1/lib64/libcusparse.so.12`.
│ 
│ This may cause errors. Ensure that you have not set the LD_LIBRARY_PATH
│ environment variable, or that it does not contain paths to CUDA libraries.
│ 
│ In any other case, please file an issue.
└ @ CUDA ~/.julia/packages/CUDA/Tl08O/src/initialization.jl:219
[ Info: command line args:
[ Info:    delta => 2.5
[ Info:    theta => 2.0
[ Info:    freqf => 0.0001
[ Info:    strat => 1e-05
[ Info:    gamma => 0.8679318911470805
[ Info:    paramset => f1e4theta029N21e5delta05Vinf005gammau
[ Info:    suffix => f1e4theta20N21e5delta025Vinf02gammau
[ Info:    fruntime => 30.0
[ Info:    path => /glade/derecho/scratch/knudsenl/data/new_data/
[ Info: Loading parameters...
[ Info: Arch => GPU()
┌ Warning: Overwriting existing /glade/derecho/scratch/knudsenl/data/new_data/final_paper/flow_fields_height_109.5868627560341_interior_velocity_0.2_visc_1.0e-5_Sinf_1.1042916923964334_gamma_0.5226220107544566_theta_2_f_0.0001_N2_1.0e-5.nc.
└ @ Oceananigans.OutputWriters ~/.julia/packages/Oceananigans/thcPW/src/OutputWriters/netcdf_output_writer.jl:433
┌ Warning: Overwriting existing /glade/derecho/scratch/knudsenl/data/new_data/final_paper/TKE_terms_height_109.5868627560341_interior_velocity_0.2_visc_1.0e-5_Sinf_1.1042916923964334_gamma_0.5226220107544566_theta_2_f_0.0001_N2_1.0e-5.nc.
└ @ Oceananigans.OutputWriters ~/.julia/packages/Oceananigans/thcPW/src/OutputWriters/netcdf_output_writer.jl:433
[ Info: Initializing simulation...
[ Info:     ... simulation initialization complete (2.089 minutes)
[ Info: Executing initial time step...
[ Info:     ... initial time step complete (5.147 seconds).
[ Info: Simulation is stopping after running for 48.648 minutes.
[ Info: Simulation time 29.306 days equals or exceeds stop time 29.306 days.
